<?xml version="1.0" encoding="utf-8"?><testsuites><testsuite name="pytest" errors="0" failures="0" skipped="0" tests="3" time="51.881" timestamp="2022-08-31T17:31:50.694992" hostname="DESKTOP-HHL75CM"><testcase classname="test_HomePage.TestHomePage" name="test_formSubmission[getData0]" time="17.579" /><testcase classname="test_HomePage.TestHomePage" name="test_formSubmission[getData1]" time="1.745" /><testcase classname="test_e2e.TestOne" name="test_e2e" time="32.516" /></testsuite></testsuites>